<?xml version="1.0" encoding="UTF-8"?>
<!-- Generated by org.testng.reporters.JUnitXMLReporter -->
<testsuite ignored="1" hostname="DESKTOP-PMKJOI5" failures="2" tests="17" name="Surefire test" time="0.282" errors="0" timestamp="2024-11-08T23:46:39 IST">
  <testcase classname="TestPackage.TestClass_final" name="@BeforeClass browserLaunch" time="0.074">
    <failure type="java.lang.IllegalStateException" message="The driver executable does not exist: D:\Automation -Selenium Webdriver\chromedriver_win32\chromedriver.exe">
      <![CDATA[java.lang.IllegalStateException: The driver executable does not exist: D:\Automation -Selenium Webdriver\chromedriver_win32\chromedriver.exe
at com.google.common.base.Preconditions.checkState(Preconditions.java:585)
at org.openqa.selenium.remote.service.DriverService.checkExecutable(DriverService.java:146)
at org.openqa.selenium.remote.service.DriverService.findExecutable(DriverService.java:141)
at org.openqa.selenium.chrome.ChromeDriverService.access$000(ChromeDriverService.java:35)
at org.openqa.selenium.chrome.ChromeDriverService$Builder.findDefaultExecutable(ChromeDriverService.java:159)
at org.openqa.selenium.remote.service.DriverService$Builder.build(DriverService.java:355)
at org.openqa.selenium.chrome.ChromeDriverService.createDefaultService(ChromeDriverService.java:94)
at org.openqa.selenium.chrome.ChromeDriver.<init>(ChromeDriver.java:123)
at BasePackage.BaseClass.launchBrowser(BaseClass.java:26)
at TestPackage.TestClass_final.browserLaunch(TestClass_final.java:42)
at java.base/java.util.ArrayList.forEach(ArrayList.java:1597)
... Removed 28 stack frames]]>
    </failure>
  </testcase> <!-- @BeforeClass browserLaunch -->
  <testcase classname="TestPackage.TestClass_final" name="@BeforeMethod login" time="0.0">
    <skipped/>
  </testcase> <!-- @BeforeMethod login -->
  <testcase classname="TestPackage.TestClass_final" name="@AfterMethod aftermethod" time="0.0">
    <skipped/>
  </testcase> <!-- @AfterMethod aftermethod -->
  <testcase classname="TestPackage.TestClass_final" name="@BeforeMethod login" time="0.0">
    <skipped/>
  </testcase> <!-- @BeforeMethod login -->
  <testcase classname="TestPackage.TestClass_final" name="@AfterMethod aftermethod" time="0.0">
    <skipped/>
  </testcase> <!-- @AfterMethod aftermethod -->
  <testcase classname="TestPackage.TestClass_final" name="@BeforeMethod login" time="0.0">
    <skipped/>
  </testcase> <!-- @BeforeMethod login -->
  <testcase classname="TestPackage.TestClass_final" name="@AfterMethod aftermethod" time="0.0">
    <skipped/>
  </testcase> <!-- @AfterMethod aftermethod -->
  <testcase classname="TestPackage.TestClass_final" name="@BeforeMethod login" time="0.0">
    <skipped/>
  </testcase> <!-- @BeforeMethod login -->
  <testcase classname="TestPackage.TestClass_final" name="@AfterMethod aftermethod" time="0.0">
    <skipped/>
  </testcase> <!-- @AfterMethod aftermethod -->
  <testcase classname="TestPackage.TestClass_final" name="@AfterClass afterClass" time="0.0">
    <skipped/>
  </testcase> <!-- @AfterClass afterClass -->
  <testcase classname="TestClass_TestNG.TestNG_Basic_Hierarchy" name="TC01" time="0.005"/>
  <testcase classname="TestClass_TestNG.TestNG_Basic_Hierarchy" name="TC02" time="0.001"/>
  <testcase classname="TestClass_TestNG.TestNG_Basic_Hierarchy" name="TC03" time="0.001"/>
  <testcase classname="TestClass_TestNG.TestNG_Keywords" name="TC01" time="0.001"/>
  <testcase classname="TestClass_TestNG.TestNG_Keywords" name="TC01" time="0.002"/>
  <testcase classname="TestClass_TestNG.TestNG_Keywords" name="TC03" time="0.009"/>
  <testcase classname="TestClass_TestNG.TestNG_Keywords" name="TC02" time="0.001"/>
  <testcase classname="TestClass_TestNG.TestNG_Keywords" name="AC04" time="0.0"/>
  <testcase classname="TestClass_TestNG.TestNg_Test_enabled_Test_suite" name="AC04" time="0.002">
    <failure type="java.lang.ArithmeticException" message="/ by zero">
      <![CDATA[java.lang.ArithmeticException: / by zero
at TestClass_TestNG.TestNg_Test_enabled_Test_suite.AC04(TestNg_Test_enabled_Test_suite.java:45)
at java.base/java.util.ArrayList.forEach(ArrayList.java:1597)
... Removed 30 stack frames]]>
    </failure>
  </testcase> <!-- AC04 -->
  <testcase classname="TestClass_TestNG.TestNg_Test_enabled_Test_suite" name="TC01" time="0.001"/>
  <testcase classname="TestClass_TestNG.TestNg_Test_enabled_Test_suite" name="TC02" time="0.0"/>
  <testcase classname="TestClass_TestNG.TestNg_Test_enabled_Test_suite" name="TC03" time="0.001">
    <failure type="java.lang.ArithmeticException" message="/ by zero">
      <![CDATA[java.lang.ArithmeticException: / by zero
at TestClass_TestNG.TestNg_Test_enabled_Test_suite.TC03(TestNg_Test_enabled_Test_suite.java:38)
at java.base/java.util.ArrayList.forEach(ArrayList.java:1597)
... Removed 30 stack frames]]>
    </failure>
  </testcase> <!-- TC03 -->
  <testcase classname="TestClass_TestNG.TestNg_Test_enabled_Test_suite" name="TC05" time="0.001"/>
  <testcase classname="TestPackage.TestClass_final" name="AddingCommodityStockToWatchlist" time="0.0">
    <skipped/>
  </testcase> <!-- AddingCommodityStockToWatchlist -->
  <testcase classname="TestPackage.TestClass_final" name="ValidatingDashboardTab" time="0.0">
    <skipped/>
  </testcase> <!-- ValidatingDashboardTab -->
  <testcase classname="TestPackage.TestClass_final" name="ValidatingOrdersTab" time="0.0">
    <skipped/>
  </testcase> <!-- ValidatingOrdersTab -->
  <testcase classname="TestPackage.TestClass_final" name="ValidatingHoldingsTab" time="0.001">
    <skipped/>
  </testcase> <!-- ValidatingHoldingsTab -->
  <testcase classname="TestClass_TestNG.TestNG_Keywords" name="TC05" time="0.0">
    <ignored/>
  </testcase> <!-- TC05 -->
</testsuite> <!-- Surefire test -->
