<?xml version="1.0" encoding="UTF-8"?>
<!-- Generated by org.testng.reporters.JUnitXMLReporter -->
<testsuite ignored="0" hostname="DESKTOP-PMKJOI5" failures="0" tests="4" name="Edge" time="9.493" errors="0" timestamp="2022-07-10T14:47:59 IST">
  <testcase classname="TestPackage.TestClass_final" name="@BeforeClass browserLaunch" time="9.468">
    <failure type="org.openqa.selenium.WebDriverException" message="unknown error: cannot determine loading status
from disconnected: received Inspector.detached event
  (Session info: chrome=103.0.5060.114)
Build info: version: &amp;apos;3.141.59&amp;apos;, revision: &amp;apos;e82be7d358&amp;apos;, time: &amp;apos;2018-11-14T08:17:03&amp;apos;
System info: host: &amp;apos;DESKTOP-PMKJOI5&amp;apos;, ip: &amp;apos;192.168.1.108&amp;apos;, os.name: &amp;apos;Windows 10&amp;apos;, os.arch: &amp;apos;amd64&amp;apos;, os.version: &amp;apos;10.0&amp;apos;, java.version: &amp;apos;17.0.2&amp;apos;
Driver info: org.openqa.selenium.chrome.ChromeDriver
Capabilities {acceptInsecureCerts: false, browserName: chrome, browserVersion: 103.0.5060.114, chrome: {chromedriverVersion: 103.0.5060.53 (a1711811edd7..., userDataDir: C:\Users\DELL\AppData\Local...}, goog:chromeOptions: {debuggerAddress: localhost:62845}, javascriptEnabled: true, networkConnectionEnabled: false, pageLoadStrategy: normal, platform: WINDOWS, platformName: WINDOWS, proxy: Proxy(), setWindowRect: true, strictFileInteractability: false, timeouts: {implicit: 0, pageLoad: 300000, script: 30000}, unhandledPromptBehavior: dismiss and notify, webauthn:extension:credBlob: true, webauthn:extension:largeBlob: true, webauthn:virtualAuthenticators: true}
Session ID: 9f3db0c9532cf31dc4b431d15afefaf2">
      <![CDATA[org.openqa.selenium.WebDriverException: unknown error: cannot determine loading status
from disconnected: received Inspector.detached event
  (Session info: chrome=103.0.5060.114)
Build info: version: '3.141.59', revision: 'e82be7d358', time: '2018-11-14T08:17:03'
System info: host: 'DESKTOP-PMKJOI5', ip: '192.168.1.108', os.name: 'Windows 10', os.arch: 'amd64', os.version: '10.0', java.version: '17.0.2'
Driver info: org.openqa.selenium.chrome.ChromeDriver
Capabilities {acceptInsecureCerts: false, browserName: chrome, browserVersion: 103.0.5060.114, chrome: {chromedriverVersion: 103.0.5060.53 (a1711811edd7..., userDataDir: C:\Users\DELL\AppData\Local...}, goog:chromeOptions: {debuggerAddress: localhost:62845}, javascriptEnabled: true, networkConnectionEnabled: false, pageLoadStrategy: normal, platform: WINDOWS, platformName: WINDOWS, proxy: Proxy(), setWindowRect: true, strictFileInteractability: false, timeouts: {implicit: 0, pageLoad: 300000, script: 30000}, unhandledPromptBehavior: dismiss and notify, webauthn:extension:credBlob: true, webauthn:extension:largeBlob: true, webauthn:virtualAuthenticators: true}
Session ID: 9f3db0c9532cf31dc4b431d15afefaf2
at org.openqa.selenium.remote.http.W3CHttpResponseCodec.createException(W3CHttpResponseCodec.java:187)
at org.openqa.selenium.remote.http.W3CHttpResponseCodec.decode(W3CHttpResponseCodec.java:122)
at org.openqa.selenium.remote.http.W3CHttpResponseCodec.decode(W3CHttpResponseCodec.java:49)
at org.openqa.selenium.remote.HttpCommandExecutor.execute(HttpCommandExecutor.java:158)
at org.openqa.selenium.remote.service.DriverCommandExecutor.execute(DriverCommandExecutor.java:83)
at org.openqa.selenium.remote.RemoteWebDriver.execute(RemoteWebDriver.java:552)
at org.openqa.selenium.remote.RemoteWebDriver.get(RemoteWebDriver.java:277)
at BasePackage.BaseClass.launchBrowser(BaseClass.java:36)
at TestPackage.TestClass_final.browserLaunch(TestClass_final.java:42)
at java.base/java.util.ArrayList.forEach(ArrayList.java:1511)
... Removed 30 stack frames]]>
    </failure>
  </testcase> <!-- @BeforeClass browserLaunch -->
  <testcase classname="TestPackage.TestClass_final" name="@BeforeMethod login" time="-1.657444679783E9">
    <skipped/>
  </testcase> <!-- @BeforeMethod login -->
  <testcase classname="TestPackage.TestClass_final" name="@AfterMethod aftermethod" time="-1.657444679786E9">
    <skipped/>
  </testcase> <!-- @AfterMethod aftermethod -->
  <testcase classname="TestPackage.TestClass_final" name="@BeforeMethod login" time="-1.657444679788E9">
    <skipped/>
  </testcase> <!-- @BeforeMethod login -->
  <testcase classname="TestPackage.TestClass_final" name="@AfterMethod aftermethod" time="-1.657444679793E9">
    <skipped/>
  </testcase> <!-- @AfterMethod aftermethod -->
  <testcase classname="TestPackage.TestClass_final" name="@BeforeMethod login" time="-1.657444679795E9">
    <skipped/>
  </testcase> <!-- @BeforeMethod login -->
  <testcase classname="TestPackage.TestClass_final" name="@AfterMethod aftermethod" time="-1.657444679798E9">
    <skipped/>
  </testcase> <!-- @AfterMethod aftermethod -->
  <testcase classname="TestPackage.TestClass_final" name="@BeforeMethod login" time="-1.657444679799E9">
    <skipped/>
  </testcase> <!-- @BeforeMethod login -->
  <testcase classname="TestPackage.TestClass_final" name="@AfterMethod aftermethod" time="-1.657444679802E9">
    <skipped/>
  </testcase> <!-- @AfterMethod aftermethod -->
  <testcase classname="TestPackage.TestClass_final" name="@AfterClass afterClass" time="-1.657444679803E9">
    <skipped/>
  </testcase> <!-- @AfterClass afterClass -->
  <testcase classname="TestPackage.TestClass_final" name="AddingCommodityStockToWatchlist" time="0.0">
    <skipped/>
  </testcase> <!-- AddingCommodityStockToWatchlist -->
  <testcase classname="TestPackage.TestClass_final" name="ValidatingDashboardTab" time="0.0">
    <skipped/>
  </testcase> <!-- ValidatingDashboardTab -->
  <testcase classname="TestPackage.TestClass_final" name="ValidatingOrdersTab" time="0.0">
    <skipped/>
  </testcase> <!-- ValidatingOrdersTab -->
  <testcase classname="TestPackage.TestClass_final" name="ValidatingHoldingsTab" time="0.0">
    <skipped/>
  </testcase> <!-- ValidatingHoldingsTab -->
</testsuite> <!-- Edge -->
