<?xml version="1.0" encoding="UTF-8"?>
<!-- Generated by org.testng.reporters.JUnitReportReporter -->
<testsuite hostname="DESKTOP-PMKJOI5" failures="0" tests="5" name="TestPackage.TestClass_final" time="2.550" errors="1" timestamp="2023-06-13T23:37:23 IST" skipped="4">
  <testcase classname="TestPackage.TestClass_final" name="browserLaunch" time="2.550">
    <error message="session not created: This version of ChromeDriver only supports Chrome version 103
Current browser version is 114.0.5735.110 with binary path C:\Program Files (x86)\Google\Chrome\Application\chrome.exe
Build info: version: &#039;3.141.59&#039;, revision: &#039;e82be7d358&#039;, time: &#039;2018-11-14T08:17:03&#039;
System info: host: &#039;DESKTOP-PMKJOI5&#039;, ip: &#039;192.168.0.108&#039;, os.name: &#039;Windows 10&#039;, os.arch: &#039;amd64&#039;, os.version: &#039;10.0&#039;, java.version: &#039;17.0.2&#039;
Driver info: driver.version: ChromeDriver
remote stacktrace: Backtrace:
	Ordinal0 [0x01116463+2188387]
	Ordinal0 [0x010AE461+1762401]
	Ordinal0 [0x00FC3D78+802168]
	Ordinal0 [0x00FE4E59+937561]
	Ordinal0 [0x00FE0A6C+920172]
	Ordinal0 [0x00FDE331+910129]
	Ordinal0 [0x01011430+1119280]
	Ordinal0 [0x0101108A+1118346]
	Ordinal0 [0x0100C5F6+1099254]
	Ordinal0 [0x00FE6BE0+945120]
	Ordinal0 [0x00FE7AD6+948950]
	GetHandleVerifier [0x013B71F2+2712546]
	GetHandleVerifier [0x013A886D+2652765]
	GetHandleVerifier [0x011A002A+520730]
	GetHandleVerifier [0x0119EE06+516086]
	Ordinal0 [0x010B468B+1787531]
	Ordinal0 [0x010B8E88+1805960]
	Ordinal0 [0x010B8F75+1806197]
	Ordinal0 [0x010C1DF1+1842673]
	BaseThreadInitThunk [0x76BA00C9+25]
	RtlGetAppContainerNamedObjectPath [0x77697B4E+286]
	RtlGetAppContainerNamedObjectPath [0x77697B1E+238]
" type="org.openqa.selenium.SessionNotCreatedException">
      <![CDATA[org.openqa.selenium.SessionNotCreatedException: session not created: This version of ChromeDriver only supports Chrome version 103
Current browser version is 114.0.5735.110 with binary path C:\Program Files (x86)\Google\Chrome\Application\chrome.exe
Build info: version: '3.141.59', revision: 'e82be7d358', time: '2018-11-14T08:17:03'
System info: host: 'DESKTOP-PMKJOI5', ip: '192.168.0.108', os.name: 'Windows 10', os.arch: 'amd64', os.version: '10.0', java.version: '17.0.2'
Driver info: driver.version: ChromeDriver
remote stacktrace: Backtrace:
Ordinal0 [0x01116463+2188387]
Ordinal0 [0x010AE461+1762401]
Ordinal0 [0x00FC3D78+802168]
Ordinal0 [0x00FE4E59+937561]
Ordinal0 [0x00FE0A6C+920172]
Ordinal0 [0x00FDE331+910129]
Ordinal0 [0x01011430+1119280]
Ordinal0 [0x0101108A+1118346]
Ordinal0 [0x0100C5F6+1099254]
Ordinal0 [0x00FE6BE0+945120]
Ordinal0 [0x00FE7AD6+948950]
GetHandleVerifier [0x013B71F2+2712546]
GetHandleVerifier [0x013A886D+2652765]
GetHandleVerifier [0x011A002A+520730]
GetHandleVerifier [0x0119EE06+516086]
Ordinal0 [0x010B468B+1787531]
Ordinal0 [0x010B8E88+1805960]
Ordinal0 [0x010B8F75+1806197]
Ordinal0 [0x010C1DF1+1842673]
BaseThreadInitThunk [0x76BA00C9+25]
RtlGetAppContainerNamedObjectPath [0x77697B4E+286]
RtlGetAppContainerNamedObjectPath [0x77697B1E+238]

at java.base/jdk.internal.reflect.NativeConstructorAccessorImpl.newInstance0(Native Method)
at java.base/jdk.internal.reflect.NativeConstructorAccessorImpl.newInstance(NativeConstructorAccessorImpl.java:77)
at java.base/jdk.internal.reflect.DelegatingConstructorAccessorImpl.newInstance(DelegatingConstructorAccessorImpl.java:45)
at java.base/java.lang.reflect.Constructor.newInstanceWithCaller(Constructor.java:499)
at java.base/java.lang.reflect.Constructor.newInstance(Constructor.java:480)
at org.openqa.selenium.remote.W3CHandshakeResponse.lambda$errorHandler$0(W3CHandshakeResponse.java:62)
at org.openqa.selenium.remote.HandshakeResponse.lambda$getResponseFunction$0(HandshakeResponse.java:30)
at org.openqa.selenium.remote.ProtocolHandshake.lambda$createSession$0(ProtocolHandshake.java:126)
at java.base/java.util.stream.ReferencePipeline$3$1.accept(ReferencePipeline.java:197)
at java.base/java.util.Spliterators$ArraySpliterator.tryAdvance(Spliterators.java:1002)
at java.base/java.util.stream.ReferencePipeline.forEachWithCancel(ReferencePipeline.java:129)
at java.base/java.util.stream.AbstractPipeline.copyIntoWithCancel(AbstractPipeline.java:527)
at java.base/java.util.stream.AbstractPipeline.copyInto(AbstractPipeline.java:513)
at java.base/java.util.stream.AbstractPipeline.wrapAndCopyInto(AbstractPipeline.java:499)
at java.base/java.util.stream.FindOps$FindOp.evaluateSequential(FindOps.java:150)
at java.base/java.util.stream.AbstractPipeline.evaluate(AbstractPipeline.java:234)
at java.base/java.util.stream.ReferencePipeline.findFirst(ReferencePipeline.java:647)
at org.openqa.selenium.remote.ProtocolHandshake.createSession(ProtocolHandshake.java:128)
at org.openqa.selenium.remote.ProtocolHandshake.createSession(ProtocolHandshake.java:74)
at org.openqa.selenium.remote.HttpCommandExecutor.execute(HttpCommandExecutor.java:136)
at org.openqa.selenium.remote.service.DriverCommandExecutor.execute(DriverCommandExecutor.java:83)
at org.openqa.selenium.remote.RemoteWebDriver.execute(RemoteWebDriver.java:552)
at org.openqa.selenium.remote.RemoteWebDriver.startSession(RemoteWebDriver.java:213)
at org.openqa.selenium.remote.RemoteWebDriver.<init>(RemoteWebDriver.java:131)
at org.openqa.selenium.chrome.ChromeDriver.<init>(ChromeDriver.java:181)
at org.openqa.selenium.chrome.ChromeDriver.<init>(ChromeDriver.java:168)
at org.openqa.selenium.chrome.ChromeDriver.<init>(ChromeDriver.java:123)
at BasePackage.BaseClass.launchBrowser(BaseClass.java:26)
at TestPackage.TestClass_final.browserLaunch(TestClass_final.java:42)
at java.base/jdk.internal.reflect.NativeMethodAccessorImpl.invoke0(Native Method)
at java.base/jdk.internal.reflect.NativeMethodAccessorImpl.invoke(NativeMethodAccessorImpl.java:77)
at java.base/jdk.internal.reflect.DelegatingMethodAccessorImpl.invoke(DelegatingMethodAccessorImpl.java:43)
at java.base/java.lang.reflect.Method.invoke(Method.java:568)
at org.testng.internal.MethodInvocationHelper.invokeMethod(MethodInvocationHelper.java:133)
at org.testng.internal.MethodInvocationHelper.invokeMethodConsideringTimeout(MethodInvocationHelper.java:62)
at org.testng.internal.ConfigInvoker.invokeConfigurationMethod(ConfigInvoker.java:385)
at org.testng.internal.ConfigInvoker.invokeConfigurations(ConfigInvoker.java:321)
at org.testng.internal.TestMethodWorker.invokeBeforeClassMethods(TestMethodWorker.java:176)
at org.testng.internal.TestMethodWorker.run(TestMethodWorker.java:122)
at java.base/java.util.ArrayList.forEach(ArrayList.java:1511)
at org.testng.TestRunner.privateRun(TestRunner.java:794)
at org.testng.TestRunner.run(TestRunner.java:596)
at org.testng.SuiteRunner.runTest(SuiteRunner.java:377)
at org.testng.SuiteRunner.runSequentially(SuiteRunner.java:371)
at org.testng.SuiteRunner.privateRun(SuiteRunner.java:332)
at org.testng.SuiteRunner.run(SuiteRunner.java:276)
at org.testng.SuiteRunnerWorker.runSuite(SuiteRunnerWorker.java:53)
at org.testng.SuiteRunnerWorker.run(SuiteRunnerWorker.java:96)
at org.testng.TestNG.runSuitesSequentially(TestNG.java:1212)
at org.testng.TestNG.runSuitesLocally(TestNG.java:1134)
at org.testng.TestNG.runSuites(TestNG.java:1063)
at org.testng.TestNG.run(TestNG.java:1031)
at org.testng.remote.AbstractRemoteTestNG.run(AbstractRemoteTestNG.java:115)
at org.testng.remote.RemoteTestNG.initAndRun(RemoteTestNG.java:251)
at org.testng.remote.RemoteTestNG.main(RemoteTestNG.java:77)
]]>
    </error>
  </testcase> <!-- browserLaunch -->
  <system-out/>
  <testcase classname="TestPackage.TestClass_final" name="AddingCommodityStockToWatchlist" time="0.000">
    <skipped/>
  </testcase> <!-- AddingCommodityStockToWatchlist -->
  <system-out/>
  <testcase classname="TestPackage.TestClass_final" name="ValidatingDashboardTab" time="0.000">
    <skipped/>
  </testcase> <!-- ValidatingDashboardTab -->
  <system-out/>
  <testcase classname="TestPackage.TestClass_final" name="ValidatingOrdersTab" time="0.000">
    <skipped/>
  </testcase> <!-- ValidatingOrdersTab -->
  <system-out/>
  <testcase classname="TestPackage.TestClass_final" name="ValidatingHoldingsTab" time="0.000">
    <skipped/>
  </testcase> <!-- ValidatingHoldingsTab -->
  <system-out/>
</testsuite> <!-- TestPackage.TestClass_final -->
